<?xml version="1.0" encoding="UTF-8"?>
<Site BuildName="(empty)"
	BuildStamp="20250412-0126-Experimental"
	Name="(empty)"
	Generator="ctest-3.31.6"
	CompilerName=""
	CompilerVersion=""
	OSName="Windows"
	Hostname="DESKTOP-H2LRSMG"
	OSRelease=" Professional"
	OSVersion=" (Build 19045)"
	OSPlatform="AMD64"
	Is64Bits="1"
	VendorString="GenuineIntel"
	VendorID="Intel Corporation"
	FamilyID="6"
	ModelID="10"
	ModelName=""
	ProcessorCacheSize="-1"
	NumberOfLogicalCPU="4"
	NumberOfPhysicalCPU="4"
	TotalVirtualMemory="24305"
	TotalPhysicalMemory="16359"
	LogicalProcessorsPerPhysical="1"
	ProcessorClockFrequency="2996"
	>
	<Testing>
		<StartDateTime>Apr 12 03:53 Hora oficial do Brasil</StartDateTime>
		<StartTestTime>1744440800</StartTestTime>
		<TestList/>
		<EndDateTime>Apr 12 03:53 Hora oficial do Brasil</EndDateTime>
		<EndTestTime>1744440800</EndTestTime>
		<ElapsedMinutes>0</ElapsedMinutes>
	</Testing>
</Site>
